<?xml version="1.0" encoding="UTF-8"?>
<testng-results ignored="0" total="1" passed="1" failed="0" skipped="0">
  <reporter-output>
  </reporter-output>
  <suite started-at="2024-03-04T00:22:48 IST" name="Default suite" finished-at="2024-03-04T00:22:58 IST" duration-ms="9867">
    <groups>
      <group name="cucumber">
        <method signature="AbstractTestNGCucumberTests.runScenario(io.cucumber.testng.PickleWrapper,io.cucumber.testng.FeatureWrapper)[pri:0, instance:com.veeva.nba.runner.runner@59402b8f]" name="runScenario" class="io.cucumber.testng.AbstractTestNGCucumberTests"/>
      </group> <!-- cucumber -->
    </groups>
    <test started-at="2024-03-04T00:22:48 IST" name="Default test" finished-at="2024-03-04T00:22:58 IST" duration-ms="9867">
      <class name="com.veeva.nba.runner.runner">
        <test-method is-config="true" signature="setUpClass(org.testng.ITestContext)[pri:0, instance:com.veeva.nba.runner.runner@59402b8f]" started-at="2024-03-04T00:22:48 IST" name="setUpClass" finished-at="2024-03-04T00:22:48 IST" duration-ms="195" status="PASS">
          <params>
            <param index="0">
              <value>
                <![CDATA[org.testng.TestRunner@17aa8a11]]>
              </value>
            </param>
          </params>
          <reporter-output>
          </reporter-output>
        </test-method> <!-- setUpClass -->
        <test-method signature="runScenario(io.cucumber.testng.PickleWrapper,io.cucumber.testng.FeatureWrapper)[pri:0, instance:com.veeva.nba.runner.runner@59402b8f]" started-at="2024-03-04T00:22:48 IST" name="runScenario" description="Runs Cucumber Scenarios" data-provider="scenarios" finished-at="2024-03-04T00:22:58 IST" duration-ms="9618" status="PASS">
          <params>
            <param index="0">
              <value>
                <![CDATA["Validate Footer Links"]]>
              </value>
            </param>
            <param index="1">
              <value>
                <![CDATA["Validate Links in Bulls Home Page"]]>
              </value>
            </param>
          </params>
          <reporter-output>
          </reporter-output>
        </test-method> <!-- runScenario -->
        <test-method is-config="true" signature="tearDownClass()[pri:0, instance:com.veeva.nba.runner.runner@59402b8f]" started-at="2024-03-04T00:22:58 IST" name="tearDownClass" finished-at="2024-03-04T00:22:58 IST" duration-ms="1" status="PASS">
          <reporter-output>
          </reporter-output>
        </test-method> <!-- tearDownClass -->
      </class> <!-- com.veeva.nba.runner.runner -->
    </test> <!-- Default test -->
  </suite> <!-- Default suite -->
</testng-results>
